Training on cuda.
100%|██████████████████████████████████████████████████████████████████████████████████████| 3506/3506 [06:22<00:00,  9.18it/s] 
#####Train##### Epoch: 1, UNetR_Loss: 7.7134, UNetG_Loss: -0.5872,           Discriminator_Loss: -1.7953,
100%|████████████████████████████████████████████████████████████████████████████████████████| 320/320 [01:13<00:00,  4.38it/s] 
#####Valid##### Epoch: 1, mae_loss: 0.0229, psnr_loss: 31.5073,           ssim_loss: 0.6892,
100%|██████████████████████████████████████████████████████████████████████████████████████| 3506/3506 [06:17<00:00,  9.28it/s] 
#####Train##### Epoch: 2, UNetR_Loss: 4.8238, UNetG_Loss: 0.4019,           Discriminator_Loss: -1.1535,
100%|████████████████████████████████████████████████████████████████████████████████████████| 320/320 [01:12<00:00,  4.41it/s] 
#####Valid##### Epoch: 2, mae_loss: 0.0172, psnr_loss: 33.9179,           ssim_loss: 0.7962,
100%|██████████████████████████████████████████████████████████████████████████████████████| 3506/3506 [06:17<00:00,  9.29it/s]
#####Train##### Epoch: 3, UNetR_Loss: 4.0632, UNetG_Loss: 0.4235,           Discriminator_Loss: -1.0549,
100%|████████████████████████████████████████████████████████████████████████████████████████| 320/320 [01:12<00:00,  4.41it/s] 
#####Valid##### Epoch: 3, mae_loss: 0.0153, psnr_loss: 34.9279,           ssim_loss: 0.8366,
100%|██████████████████████████████████████████████████████████████████████████████████████| 3506/3506 [06:17<00:00,  9.29it/s]
#####Train##### Epoch: 4, UNetR_Loss: 3.7550, UNetG_Loss: 0.4224,           Discriminator_Loss: -1.0412,
100%|████████████████████████████████████████████████████████████████████████████████████████| 320/320 [01:12<00:00,  4.42it/s] 
#####Valid##### Epoch: 4, mae_loss: 0.0142, psnr_loss: 35.4923,           ssim_loss: 0.8633,
100%|██████████████████████████████████████████████████████████████████████████████████████| 3506/3506 [06:16<00:00,  9.31it/s]
#####Train##### Epoch: 5, UNetR_Loss: 3.4968, UNetG_Loss: 0.4065,           Discriminator_Loss: -0.9551,
100%|████████████████████████████████████████████████████████████████████████████████████████| 320/320 [01:12<00:00,  4.39it/s] 
#####Valid##### Epoch: 5, mae_loss: 0.0127, psnr_loss: 36.3501,           ssim_loss: 0.8829,
100%|██████████████████████████████████████████████████████████████████████████████████████| 3506/3506 [06:17<00:00,  9.29it/s]
#####Train##### Epoch: 6, UNetR_Loss: 3.4637, UNetG_Loss: 0.5225,           Discriminator_Loss: -0.9014,
100%|████████████████████████████████████████████████████████████████████████████████████████| 320/320 [01:14<00:00,  4.28it/s] 
#####Valid##### Epoch: 6, mae_loss: 0.0124, psnr_loss: 36.5442,           ssim_loss: 0.8899,
100%|██████████████████████████████████████████████████████████████████████████████████████| 3506/3506 [06:15<00:00,  9.34it/s]
#####Train##### Epoch: 7, UNetR_Loss: 3.5286, UNetG_Loss: 0.6765,           Discriminator_Loss: -0.9189,
100%|████████████████████████████████████████████████████████████████████████████████████████| 320/320 [01:18<00:00,  4.06it/s] 
#####Valid##### Epoch: 7, mae_loss: 0.0121, psnr_loss: 36.7079,           ssim_loss: 0.8928,
100%|██████████████████████████████████████████████████████████████████████████████████████| 3506/3506 [06:15<00:00,  9.33it/s]
#####Train##### Epoch: 8, UNetR_Loss: 3.3842, UNetG_Loss: 0.5978,           Discriminator_Loss: -0.8958,
100%|████████████████████████████████████████████████████████████████████████████████████████| 320/320 [01:18<00:00,  4.06it/s] 
#####Valid##### Epoch: 8, mae_loss: 0.0120, psnr_loss: 36.8287,           ssim_loss: 0.8949,
100%|██████████████████████████████████████████████████████████████████████████████████████| 3506/3506 [06:16<00:00,  9.32it/s]
#####Train##### Epoch: 9, UNetR_Loss: 3.4245, UNetG_Loss: 0.6580,           Discriminator_Loss: -0.8517,
100%|████████████████████████████████████████████████████████████████████████████████████████| 320/320 [01:18<00:00,  4.06it/s] 
#####Valid##### Epoch: 9, mae_loss: 0.0118, psnr_loss: 36.8964,           ssim_loss: 0.8954,
100%|██████████████████████████████████████████████████████████████████████████████████████| 3506/3506 [06:16<00:00,  9.32it/s]
#####Train##### Epoch: 10, UNetR_Loss: 3.5065, UNetG_Loss: 0.7730,           Discriminator_Loss: -0.8220,
100%|████████████████████████████████████████████████████████████████████████████████████████| 320/320 [01:24<00:00,  3.78it/s] 
#####Valid##### Epoch: 10, mae_loss: 0.0118, psnr_loss: 36.9933,           ssim_loss: 0.8971,
100%|██████████████████████████████████████████████████████████████████████████████████████| 3506/3506 [06:15<00:00,  9.33it/s]
#####Train##### Epoch: 11, UNetR_Loss: 3.5658, UNetG_Loss: 0.8446,           Discriminator_Loss: -0.7888,
100%|████████████████████████████████████████████████████████████████████████████████████████| 320/320 [01:20<00:00,  4.00it/s] 
#####Valid##### Epoch: 11, mae_loss: 0.0121, psnr_loss: 36.7838,           ssim_loss: 0.8959,
100%|██████████████████████████████████████████████████████████████████████████████████████| 3506/3506 [06:16<00:00,  9.31it/s]
#####Train##### Epoch: 12, UNetR_Loss: 3.5585, UNetG_Loss: 0.8306,           Discriminator_Loss: -0.7440,
100%|████████████████████████████████████████████████████████████████████████████████████████| 320/320 [01:21<00:00,  3.94it/s] 
#####Valid##### Epoch: 12, mae_loss: 0.0122, psnr_loss: 36.6447,           ssim_loss: 0.8957,
100%|██████████████████████████████████████████████████████████████████████████████████████| 3506/3506 [06:15<00:00,  9.33it/s]
#####Train##### Epoch: 13, UNetR_Loss: 3.5187, UNetG_Loss: 0.8172,           Discriminator_Loss: -0.7211,
100%|████████████████████████████████████████████████████████████████████████████████████████| 320/320 [01:21<00:00,  3.95it/s] 
#####Valid##### Epoch: 13, mae_loss: 0.0114, psnr_loss: 37.2836,           ssim_loss: 0.8993,
100%|██████████████████████████████████████████████████████████████████████████████████████| 3506/3506 [06:15<00:00,  9.33it/s]
#####Train##### Epoch: 14, UNetR_Loss: 3.6673, UNetG_Loss: 0.9786,           Discriminator_Loss: -0.7115,
100%|████████████████████████████████████████████████████████████████████████████████████████| 320/320 [01:20<00:00,  3.98it/s] 
#####Valid##### Epoch: 14, mae_loss: 0.0116, psnr_loss: 37.2011,           ssim_loss: 0.8953,
100%|██████████████████████████████████████████████████████████████████████████████████████| 3506/3506 [06:15<00:00,  9.33it/s]
#####Train##### Epoch: 15, UNetR_Loss: 3.7047, UNetG_Loss: 1.0531,           Discriminator_Loss: -0.7160,
100%|████████████████████████████████████████████████████████████████████████████████████████| 320/320 [01:21<00:00,  3.95it/s] 
#####Valid##### Epoch: 15, mae_loss: 0.0114, psnr_loss: 37.3258,           ssim_loss: 0.8986,
100%|██████████████████████████████████████████████████████████████████████████████████████| 3506/3506 [06:15<00:00,  9.34it/s]
#####Train##### Epoch: 16, UNetR_Loss: 3.5683, UNetG_Loss: 0.9292,           Discriminator_Loss: -0.7164,
100%|████████████████████████████████████████████████████████████████████████████████████████| 320/320 [01:21<00:00,  3.95it/s] 
#####Valid##### Epoch: 16, mae_loss: 0.0113, psnr_loss: 37.3986,           ssim_loss: 0.8994,
100%|██████████████████████████████████████████████████████████████████████████████████████| 3506/3506 [06:15<00:00,  9.33it/s]
#####Train##### Epoch: 17, UNetR_Loss: 3.6080, UNetG_Loss: 1.0012,           Discriminator_Loss: -0.7304,
100%|████████████████████████████████████████████████████████████████████████████████████████| 320/320 [01:19<00:00,  4.05it/s] 
#####Valid##### Epoch: 17, mae_loss: 0.0115, psnr_loss: 37.3100,           ssim_loss: 0.8994,
100%|██████████████████████████████████████████████████████████████████████████████████████| 3506/3506 [06:15<00:00,  9.33it/s]
#####Train##### Epoch: 18, UNetR_Loss: 3.6985, UNetG_Loss: 1.1186,           Discriminator_Loss: -0.7512,
100%|████████████████████████████████████████████████████████████████████████████████████████| 320/320 [01:18<00:00,  4.09it/s] 
#####Valid##### Epoch: 18, mae_loss: 0.0115, psnr_loss: 37.3654,           ssim_loss: 0.9000,
100%|██████████████████████████████████████████████████████████████████████████████████████| 3506/3506 [06:15<00:00,  9.34it/s]
#####Train##### Epoch: 19, UNetR_Loss: 3.6013, UNetG_Loss: 1.0498,           Discriminator_Loss: -0.7591,
100%|████████████████████████████████████████████████████████████████████████████████████████| 320/320 [01:19<00:00,  4.04it/s] 
#####Valid##### Epoch: 19, mae_loss: 0.0113, psnr_loss: 37.3981,           ssim_loss: 0.8999,
100%|██████████████████████████████████████████████████████████████████████████████████████| 3506/3506 [06:15<00:00,  9.34it/s]
#####Train##### Epoch: 20, UNetR_Loss: 3.6263, UNetG_Loss: 1.0801,           Discriminator_Loss: -0.7487,
                               | 135/320 [00:34<00:48,  3.81it 42%|█████████████████████████████████████▍                                                  | 136/320 [00:34<00:48,  3.81it 43%|█████████████████████████████████████▋                                                  | 137/320 [00:34<00:47,  3.84it 43%|█████████████████████████████████████▉                                                  | 138/320 [00:35<00:47,  3.86it 43%|██████████████████████████████████████▏                                                 | 139/320 [00:35<00:46,  3.85it 44%|██████████████████████████████████████▌                                                 | 140/320 [00:35<00:47,  3.82it 44%|██████████████████████████████████████▊                                                 | 141/320 [00:35<00:46,  3.85it 44%|███████████████████████████████████████                                                 | 142/320 [00:36<00:46,  3.85it 45%|███████████████████████████████████████▎                                                | 143/320 [00:36<00:45,  3.88it 45%|███████████████████████████████████████▌                                                | 144/320 [00:36<00:44,  3.92it 45%|███████████████████████████████████████▉                                                | 145/320 [00:36<00:44,  3.90it 46%|████████████████████████████████████████▏                                               | 146/320 [00100%|████████████████████████████████████████████████████████████████████████████████████████| 320/320 [01:19<00:00,  4.01it/s] 
#####Valid##### Epoch: 22, mae_loss: 0.0112, psnr_loss: 37.4623,           ssim_loss: 0.9011,
100%|██████████████████████████████████████████████████████████████████████████████████████| 3506/3506 [06:16<00:00,  9.31it/s]
#####Train##### Epoch: 23, UNetR_Loss: 3.5698, UNetG_Loss: 1.0527,           Discriminator_Loss: -0.7354,
100%|████████████████████████████████████████████████████████████████████████████████████████| 320/320 [01:17<00:00,  4.11it/s]
#####Valid##### Epoch: 23, mae_loss: 0.0113, psnr_loss: 37.5441,           ssim_loss: 0.9010,
100%|██████████████████████████████████████████████████████████████████████████████████████| 3506/3506 [06:15<00:00,  9.33it/s]
#####Train##### Epoch: 24, UNetR_Loss: 3.5496, UNetG_Loss: 1.0547,           Discriminator_Loss: -0.7520,
100%|████████████████████████████████████████████████████████████████████████████████████████| 320/320 [01:17<00:00,  4.15it/s]
#####Valid##### Epoch: 24, mae_loss: 0.0111, psnr_loss: 37.6508,           ssim_loss: 0.9001,
100%|██████████████████████████████████████████████████████████████████████████████████████| 3506/3506 [06:16<00:00,  9.32it/s]
#####Train##### Epoch: 25, UNetR_Loss: 3.4812, UNetG_Loss: 0.9824,           Discriminator_Loss: -0.7401,
100%|████████████████████████████████████████████████████████████████████████████████████████| 320/320 [01:17<00:00,  4.15it/s]
#####Valid##### Epoch: 25, mae_loss: 0.0111, psnr_loss: 37.6871,           ssim_loss: 0.9012,
100%|██████████████████████████████████████████████████████████████████████████████████████| 3506/3506 [06:15<00:00,  9.33it/s]
#####Train##### Epoch: 26, UNetR_Loss: 3.4638, UNetG_Loss: 0.9973,           Discriminator_Loss: -0.7432,
100%|████████████████████████████████████████████████████████████████████████████████████████| 320/320 [01:18<00:00,  4.08it/s] 
#####Valid##### Epoch: 26, mae_loss: 0.0111, psnr_loss: 37.6557,           ssim_loss: 0.9015,
100%|██████████████████████████████████████████████████████████████████████████████████████| 3506/3506 [06:15<00:00,  9.34it/s]
#####Train##### Epoch: 27, UNetR_Loss: 3.3460, UNetG_Loss: 0.8956,           Discriminator_Loss: -0.7444,
100%|████████████████████████████████████████████████████████████████████████████████████████| 320/320 [01:17<00:00,  4.11it/s] 
#####Valid##### Epoch: 27, mae_loss: 0.0110, psnr_loss: 37.7127,           ssim_loss: 0.9014,
100%|██████████████████████████████████████████████████████████████████████████████████████| 3506/3506 [06:15<00:00,  9.33it/s]
#####Train##### Epoch: 28, UNetR_Loss: 3.3559, UNetG_Loss: 0.9023,           Discriminator_Loss: -0.7652,
100%|████████████████████████████████████████████████████████████████████████████████████████| 320/320 [01:18<00:00,  4.09it/s] 
#####Valid##### Epoch: 28, mae_loss: 0.0111, psnr_loss: 37.5535,           ssim_loss: 0.9004,
100%|██████████████████████████████████████████████████████████████████████████████████████| 3506/3506 [06:16<00:00,  9.32it/s]
#####Train##### Epoch: 29, UNetR_Loss: 3.4452, UNetG_Loss: 0.9992,           Discriminator_Loss: -0.7471,
100%|████████████████████████████████████████████████████████████████████████████████████████| 320/320 [01:20<00:00,  3.96it/s] 
#####Valid##### Epoch: 29, mae_loss: 0.0111, psnr_loss: 37.5831,           ssim_loss: 0.9019,
100%|██████████████████████████████████████████████████████████████████████████████████████| 3506/3506 [06:16<00:00,  9.32it/s]
#####Train##### Epoch: 30, UNetR_Loss: 3.3500, UNetG_Loss: 0.9118,           Discriminator_Loss: -0.7657,
100%|████████████████████████████████████████████████████████████████████████████████████████| 320/320 [01:17<00:00,  4.11it/s] 
#####Valid##### Epoch: 30, mae_loss: 0.0111, psnr_loss: 37.6444,           ssim_loss: 0.9009,
100%|██████████████████████████████████████████████████████████████████████████████████████| 3506/3506 [06:17<00:00,  9.29it/s]
#####Train##### Epoch: 31, UNetR_Loss: 3.3426, UNetG_Loss: 0.9104,           Discriminator_Loss: -0.7580,
100%|████████████████████████████████████████████████████████████████████████████████████████| 320/320 [01:17<00:00,  4.10it/s] 
#####Valid##### Epoch: 31, mae_loss: 0.0110, psnr_loss: 37.7235,           ssim_loss: 0.9028,
100%|██████████████████████████████████████████████████████████████████████████████████████| 3506/3506 [06:15<00:00,  9.33it/s]
#####Train##### Epoch: 32, UNetR_Loss: 3.3432, UNetG_Loss: 0.9153,           Discriminator_Loss: -0.7726,
100%|████████████████████████████████████████████████████████████████████████████████████████| 320/320 [01:17<00:00,  4.12it/s] 
#####Valid##### Epoch: 32, mae_loss: 0.0111, psnr_loss: 37.7035,           ssim_loss: 0.9013,
100%|██████████████████████████████████████████████████████████████████████████████████████| 3506/3506 [06:16<00:00,  9.32it/s]
#####Train##### Epoch: 33, UNetR_Loss: 3.3408, UNetG_Loss: 0.9101,           Discriminator_Loss: -0.7603,
100%|████████████████████████████████████████████████████████████████████████████████████████| 320/320 [01:24<00:00,  3.78it/s] 
#####Valid##### Epoch: 33, mae_loss: 0.0109, psnr_loss: 37.8261,           ssim_loss: 0.9028,
100%|██████████████████████████████████████████████████████████████████████████████████████| 3506/3506 [06:15<00:00,  9.33it/s]
#####Train##### Epoch: 34, UNetR_Loss: 3.2354, UNetG_Loss: 0.8267,           Discriminator_Loss: -0.7700,
100%|████████████████████████████████████████████████████████████████████████████████████████| 320/320 [01:19<00:00,  4.00it/s] 
#####Valid##### Epoch: 34, mae_loss: 0.0110, psnr_loss: 37.7684,           ssim_loss: 0.9020,
100%|██████████████████████████████████████████████████████████████████████████████████████| 3506/3506 [06:15<00:00,  9.33it/s]
#####Train##### Epoch: 35, UNetR_Loss: 3.2064, UNetG_Loss: 0.7694,           Discriminator_Loss: -0.7527,
100%|████████████████████████████████████████████████████████████████████████████████████████| 320/320 [01:20<00:00,  3.96it/s] 
#####Valid##### Epoch: 35, mae_loss: 0.0109, psnr_loss: 37.7499,           ssim_loss: 0.9030,
100%|██████████████████████████████████████████████████████████████████████████████████████| 3506/3506 [06:16<00:00,  9.32it/s]
#####Train##### Epoch: 36, UNetR_Loss: 3.1618, UNetG_Loss: 0.7343,           Discriminator_Loss: -0.7546,
100%|████████████████████████████████████████████████████████████████████████████████████████| 320/320 [01:20<00:00,  3.96it/s] 
#####Valid##### Epoch: 36, mae_loss: 0.0109, psnr_loss: 37.8521,           ssim_loss: 0.9028,
100%|██████████████████████████████████████████████████████████████████████████████████████| 3506/3506 [06:16<00:00,  9.31it/s]
#####Train##### Epoch: 37, UNetR_Loss: 3.1863, UNetG_Loss: 0.7751,           Discriminator_Loss: -0.7521,
100%|████████████████████████████████████████████████████████████████████████████████████████| 320/320 [01:20<00:00,  3.99it/s] 
#####Valid##### Epoch: 37, mae_loss: 0.0109, psnr_loss: 37.8093,           ssim_loss: 0.9039,
100%|██████████████████████████████████████████████████████████████████████████████████████| 3506/3506 [06:16<00:00,  9.32it/s]
#####Train##### Epoch: 38, UNetR_Loss: 3.2027, UNetG_Loss: 0.7741,           Discriminator_Loss: -0.7500,
100%|████████████████████████████████████████████████████████████████████████████████████████| 320/320 [01:19<00:00,  4.01it/s] 
#####Valid##### Epoch: 38, mae_loss: 0.0109, psnr_loss: 37.8035,           ssim_loss: 0.9029,
100%|██████████████████████████████████████████████████████████████████████████████████████| 3506/3506 [06:16<00:00,  9.32it/s]
#####Train##### Epoch: 39, UNetR_Loss: 3.1550, UNetG_Loss: 0.7415,           Discriminator_Loss: -0.7506,
100%|████████████████████████████████████████████████████████████████████████████████████████| 320/320 [01:21<00:00,  3.95it/s] 
#####Valid##### Epoch: 39, mae_loss: 0.0109, psnr_loss: 37.8797,           ssim_loss: 0.9034,
100%|██████████████████████████████████████████████████████████████████████████████████████| 3506/3506 [06:15<00:00,  9.33it/s]
#####Train##### Epoch: 40, UNetR_Loss: 3.1215, UNetG_Loss: 0.7136,           Discriminator_Loss: -0.7474,
100%|████████████████████████████████████████████████████████████████████████████████████████| 320/320 [01:19<00:00,  4.04it/s] 
#####Valid##### Epoch: 40, mae_loss: 0.0109, psnr_loss: 37.7964,           ssim_loss: 0.9032,
100%|██████████████████████████████████████████████████████████████████████████████████████| 3506/3506 [06:16<00:00,  9.31it/s]
#####Train##### Epoch: 41, UNetR_Loss: 3.0890, UNetG_Loss: 0.6769,           Discriminator_Loss: -0.7443,
100%|████████████████████████████████████████████████████████████████████████████████████████| 320/320 [01:18<00:00,  4.06it/s] 
#####Valid##### Epoch: 41, mae_loss: 0.0109, psnr_loss: 37.8292,           ssim_loss: 0.9034,
100%|██████████████████████████████████████████████████████████████████████████████████████| 3506/3506 [06:16<00:00,  9.31it/s]
#####Train##### Epoch: 42, UNetR_Loss: 3.0982, UNetG_Loss: 0.6628,           Discriminator_Loss: -0.7467,
100%|████████████████████████████████████████████████████████████████████████████████████████| 320/320 [01:19<00:00,  4.02it/s] 
#####Valid##### Epoch: 42, mae_loss: 0.0109, psnr_loss: 37.8415,           ssim_loss: 0.9038,
100%|██████████████████████████████████████████████████████████████████████████████████████| 3506/3506 [06:16<00:00,  9.32it/s]
#####Train##### Epoch: 43, UNetR_Loss: 3.0994, UNetG_Loss: 0.6728,           Discriminator_Loss: -0.7422,
100%|████████████████████████████████████████████████████████████████████████████████████████| 320/320 [01:18<00:00,  4.06it/s] 
#####Valid##### Epoch: 43, mae_loss: 0.0109, psnr_loss: 37.8398,           ssim_loss: 0.9035,
100%|██████████████████████████████████████████████████████████████████████████████████████| 3506/3506 [06:16<00:00,  9.30it/s]
#####Train##### Epoch: 44, UNetR_Loss: 3.0916, UNetG_Loss: 0.6614,           Discriminator_Loss: -0.7464,
100%|████████████████████████████████████████████████████████████████████████████████████████| 320/320 [01:21<00:00,  3.93it/s] 
#####Valid##### Epoch: 44, mae_loss: 0.0109, psnr_loss: 37.8247,           ssim_loss: 0.9035,
100%|██████████████████████████████████████████████████████████████████████████████████████| 3506/3506 [06:16<00:00,  9.30it/s]
#####Train##### Epoch: 45, UNetR_Loss: 3.1018, UNetG_Loss: 0.6683,           Discriminator_Loss: -0.7481,
100%|████████████████████████████████████████████████████████████████████████████████████████| 320/320 [01:21<00:00,  3.94it/s] 
#####Valid##### Epoch: 45, mae_loss: 0.0109, psnr_loss: 37.8369,           ssim_loss: 0.9035,
100%|██████████████████████████████████████████████████████████████████████████████████████| 3506/3506 [06:16<00:00,  9.31it/s]
#####Train##### Epoch: 46, UNetR_Loss: 3.1050, UNetG_Loss: 0.6853,           Discriminator_Loss: -0.7476,
100%|████████████████████████████████████████████████████████████████████████████████████████| 320/320 [01:20<00:00,  3.95it/s] 
#####Valid##### Epoch: 46, mae_loss: 0.0109, psnr_loss: 37.8173,           ssim_loss: 0.9036,
100%|██████████████████████████████████████████████████████████████████████████████████████| 3506/3506 [06:17<00:00,  9.30it/s]
#####Train##### Epoch: 47, UNetR_Loss: 3.0581, UNetG_Loss: 0.6455,           Discriminator_Loss: -0.7481,
100%|████████████████████████████████████████████████████████████████████████████████████████| 320/320 [01:20<00:00,  3.98it/s] 
#####Valid##### Epoch: 47, mae_loss: 0.0109, psnr_loss: 37.8444,           ssim_loss: 0.9037,
100%|██████████████████████████████████████████████████████████████████████████████████████| 3506/3506 [06:17<00:00,  9.30it/s]
#####Train##### Epoch: 48, UNetR_Loss: 3.0574, UNetG_Loss: 0.6449,           Discriminator_Loss: -0.7489,
100%|████████████████████████████████████████████████████████████████████████████████████████| 320/320 [01:20<00:00,  3.99it/s] 
#####Valid##### Epoch: 48, mae_loss: 0.0109, psnr_loss: 37.8356,           ssim_loss: 0.9036,
100%|██████████████████████████████████████████████████████████████████████████████████████| 3506/3506 [06:16<00:00,  9.30it/s]
#####Train##### Epoch: 49, UNetR_Loss: 3.0570, UNetG_Loss: 0.6362,           Discriminator_Loss: -0.7526,
100%|████████████████████████████████████████████████████████████████████████████████████████| 320/320 [01:19<00:00,  4.00it/s] 
#####Valid##### Epoch: 49, mae_loss: 0.0109, psnr_loss: 37.8471,           ssim_loss: 0.9037,
100%|██████████████████████████████████████████████████████████████████████████████████████| 3506/3506 [06:16<00:00,  9.30it/s]
#####Train##### Epoch: 50, UNetR_Loss: 3.0339, UNetG_Loss: 0.6056,           Discriminator_Loss: -0.7509,
100%|████████████████████████████████████████████████████████████████████████████████████████| 320/320 [01:21<00:00,  3.95it/s] 
#####Valid##### Epoch: 50, mae_loss: 0.0109, psnr_loss: 37.8471,           ssim_loss: 0.9037,
------------------------------------------------------------
Done!